step          1                   beforeComputeField_FirstHalfStep GPU memory total          0 free          0 free CPU memory      19583 
step          1                    afterComputeField_FirstHalfStep GPU memory total          0 free          0 free CPU memory      19583 
step          1                      before_CellOrder_StepAllCells GPU memory total          0 free          0 free CPU memory      19583 
step          1                            CellOrder_StepAllCells1 GPU memory total          0 free          0 free CPU memory      19583 
step          1                            CellOrder_StepAllCells3 GPU memory total          0 free          0 free CPU memory      19583 
step          1                            CellOrder_StepAllCells4 GPU memory total          0 free          0 free CPU memory      19582 
step          1                            CellOrder_StepAllCells5 GPU memory total          0 free          0 free CPU memory      19582 
step          1                            CellOrder_StepAllCells6 GPU memory total          0 free          0 free CPU memory      19580 
step          1                            CellOrder_StepAllCells7 GPU memory total          0 free          0 free CPU memory      19580 
step          1                       after_CellOrder_StepAllCells GPU memory total          0 free          0 free CPU memory      19580 
step          1                                          before270 GPU memory total          0 free          0 free CPU memory      19580 
step          1                  after_ComputeField_SecondHalfStep GPU memory total          0 free          0 free CPU memory      19580 
step          2                   beforeComputeField_FirstHalfStep GPU memory total          0 free          0 free CPU memory      19580 
step          2                    afterComputeField_FirstHalfStep GPU memory total          0 free          0 free CPU memory      19580 
step          2                      before_CellOrder_StepAllCells GPU memory total          0 free          0 free CPU memory      19580 
step          2                            CellOrder_StepAllCells1 GPU memory total          0 free          0 free CPU memory      19580 
step          2                            CellOrder_StepAllCells3 GPU memory total          0 free          0 free CPU memory      19580 
step          2                                    beforeCopyCells GPU memory total          0 free          0 free CPU memory      19580 
step          2                                     afterCopyCells GPU memory total          0 free          0 free CPU memory      19406 
step          2                            CellOrder_StepAllCells4 GPU memory total          0 free          0 free CPU memory      19390 
step          2                            CellOrder_StepAllCells5 GPU memory total          0 free          0 free CPU memory      19390 
step          2                            CellOrder_StepAllCells6 GPU memory total          0 free          0 free CPU memory      19390 
step          2                            CellOrder_StepAllCells7 GPU memory total          0 free          0 free CPU memory      19390 
step          2                       after_CellOrder_StepAllCells GPU memory total          0 free          0 free CPU memory      19390 
step          2                                          before270 GPU memory total          0 free          0 free CPU memory      19390 
step          2                  after_ComputeField_SecondHalfStep GPU memory total          0 free          0 free CPU memory      19390 
step          3                   beforeComputeField_FirstHalfStep GPU memory total          0 free          0 free CPU memory      19390 
step          3                    afterComputeField_FirstHalfStep GPU memory total          0 free          0 free CPU memory      19390 
step          3                      before_CellOrder_StepAllCells GPU memory total          0 free          0 free CPU memory      19390 
step          3                            CellOrder_StepAllCells1 GPU memory total          0 free          0 free CPU memory      19390 
step          3                            CellOrder_StepAllCells3 GPU memory total          0 free          0 free CPU memory      19390 
step          3                            CellOrder_StepAllCells4 GPU memory total          0 free          0 free CPU memory      19390 
step          3                            CellOrder_StepAllCells5 GPU memory total          0 free          0 free CPU memory      19390 
step          3                            CellOrder_StepAllCells6 GPU memory total          0 free          0 free CPU memory      19390 
step          3                            CellOrder_StepAllCells7 GPU memory total          0 free          0 free CPU memory      19390 
step          3                       after_CellOrder_StepAllCells GPU memory total          0 free          0 free CPU memory      19390 
step          3                                          before270 GPU memory total          0 free          0 free CPU memory      19390 
step          3                  after_ComputeField_SecondHalfStep GPU memory total          0 free          0 free CPU memory      19390 
step          4                   beforeComputeField_FirstHalfStep GPU memory total          0 free          0 free CPU memory      19390 
step          4                    afterComputeField_FirstHalfStep GPU memory total          0 free          0 free CPU memory      19390 
step          4                      before_CellOrder_StepAllCells GPU memory total          0 free          0 free CPU memory      19390 
step          4                            CellOrder_StepAllCells1 GPU memory total          0 free          0 free CPU memory      19390 
step          4                            CellOrder_StepAllCells3 GPU memory total          0 free          0 free CPU memory      19390 
step          4                                    beforeCopyCells GPU memory total          0 free          0 free CPU memory      19390 
step          4                                     afterCopyCells GPU memory total          0 free          0 free CPU memory      19390 
step          4                            CellOrder_StepAllCells4 GPU memory total          0 free          0 free CPU memory      19373 
step          4                            CellOrder_StepAllCells5 GPU memory total          0 free          0 free CPU memory      19373 
step          4                            CellOrder_StepAllCells6 GPU memory total          0 free          0 free CPU memory      19373 
step          4                            CellOrder_StepAllCells7 GPU memory total          0 free          0 free CPU memory      19373 
step          4                       after_CellOrder_StepAllCells GPU memory total          0 free          0 free CPU memory      19373 
step          4                                          before270 GPU memory total          0 free          0 free CPU memory      19373 
step          4                  after_ComputeField_SecondHalfStep GPU memory total          0 free          0 free CPU memory      19373 
step          5                   beforeComputeField_FirstHalfStep GPU memory total          0 free          0 free CPU memory      19373 
step          5                    afterComputeField_FirstHalfStep GPU memory total          0 free          0 free CPU memory      19373 
step          5                      before_CellOrder_StepAllCells GPU memory total          0 free          0 free CPU memory      19373 
step          5                            CellOrder_StepAllCells1 GPU memory total          0 free          0 free CPU memory      19373 
step          5                            CellOrder_StepAllCells3 GPU memory total          0 free          0 free CPU memory      19373 
step          5                            CellOrder_StepAllCells4 GPU memory total          0 free          0 free CPU memory      19373 
step          5                            CellOrder_StepAllCells5 GPU memory total          0 free          0 free CPU memory      19372 
step          5                            CellOrder_StepAllCells6 GPU memory total          0 free          0 free CPU memory      19372 
step          5                            CellOrder_StepAllCells7 GPU memory total          0 free          0 free CPU memory      19372 
step          5                       after_CellOrder_StepAllCells GPU memory total          0 free          0 free CPU memory      19372 
step          5                                          before270 GPU memory total          0 free          0 free CPU memory      19372 
step          5                  after_ComputeField_SecondHalfStep GPU memory total          0 free          0 free CPU memory      19372 
step          6                   beforeComputeField_FirstHalfStep GPU memory total          0 free          0 free CPU memory      19372 
step          6                    afterComputeField_FirstHalfStep GPU memory total          0 free          0 free CPU memory      19372 
step          6                      before_CellOrder_StepAllCells GPU memory total          0 free          0 free CPU memory      19372 
step          6                            CellOrder_StepAllCells1 GPU memory total          0 free          0 free CPU memory      19372 
step          6                            CellOrder_StepAllCells3 GPU memory total          0 free          0 free CPU memory      19372 
step          6                                    beforeCopyCells GPU memory total          0 free          0 free CPU memory      19372 
step          6                                     afterCopyCells GPU memory total          0 free          0 free CPU memory      19372 
step          6                            CellOrder_StepAllCells4 GPU memory total          0 free          0 free CPU memory      19356 
step          6                            CellOrder_StepAllCells5 GPU memory total          0 free          0 free CPU memory      19356 
step          6                            CellOrder_StepAllCells6 GPU memory total          0 free          0 free CPU memory      19356 
step          6                            CellOrder_StepAllCells7 GPU memory total          0 free          0 free CPU memory      19356 
step          6                       after_CellOrder_StepAllCells GPU memory total          0 free          0 free CPU memory      19356 
step          6                                          before270 GPU memory total          0 free          0 free CPU memory      19356 
step          6                  after_ComputeField_SecondHalfStep GPU memory total          0 free          0 free CPU memory      19356 
step          7                   beforeComputeField_FirstHalfStep GPU memory total          0 free          0 free CPU memory      19356 
step          7                    afterComputeField_FirstHalfStep GPU memory total          0 free          0 free CPU memory      19356 
step          7                      before_CellOrder_StepAllCells GPU memory total          0 free          0 free CPU memory      19356 
step          7                            CellOrder_StepAllCells1 GPU memory total          0 free          0 free CPU memory      19356 
step          7                            CellOrder_StepAllCells3 GPU memory total          0 free          0 free CPU memory      19356 
step          7                            CellOrder_StepAllCells4 GPU memory total          0 free          0 free CPU memory      19355 
step          7                            CellOrder_StepAllCells5 GPU memory total          0 free          0 free CPU memory      19355 
step          7                            CellOrder_StepAllCells6 GPU memory total          0 free          0 free CPU memory      19355 
step          7                            CellOrder_StepAllCells7 GPU memory total          0 free          0 free CPU memory      19355 
step          7                       after_CellOrder_StepAllCells GPU memory total          0 free          0 free CPU memory      19355 
step          7                                          before270 GPU memory total          0 free          0 free CPU memory      19355 
step          7                  after_ComputeField_SecondHalfStep GPU memory total          0 free          0 free CPU memory      19355 
step          8                   beforeComputeField_FirstHalfStep GPU memory total          0 free          0 free CPU memory      19355 
step          8                    afterComputeField_FirstHalfStep GPU memory total          0 free          0 free CPU memory      19355 
step          8                      before_CellOrder_StepAllCells GPU memory total          0 free          0 free CPU memory      19354 
step          8                            CellOrder_StepAllCells1 GPU memory total          0 free          0 free CPU memory      19354 
step          8                            CellOrder_StepAllCells3 GPU memory total          0 free          0 free CPU memory      19354 
step          8                                    beforeCopyCells GPU memory total          0 free          0 free CPU memory      19354 
step          8                                     afterCopyCells GPU memory total          0 free          0 free CPU memory      19354 
step          8                            CellOrder_StepAllCells4 GPU memory total          0 free          0 free CPU memory      19341 
step          8                            CellOrder_StepAllCells5 GPU memory total          0 free          0 free CPU memory      19341 
step          8                            CellOrder_StepAllCells6 GPU memory total          0 free          0 free CPU memory      19341 
step          8                            CellOrder_StepAllCells7 GPU memory total          0 free          0 free CPU memory      19341 
step          8                       after_CellOrder_StepAllCells GPU memory total          0 free          0 free CPU memory      19341 
step          8                                          before270 GPU memory total          0 free          0 free CPU memory      19341 
step          8                  after_ComputeField_SecondHalfStep GPU memory total          0 free          0 free CPU memory      19341 
step          9                   beforeComputeField_FirstHalfStep GPU memory total          0 free          0 free CPU memory      19341 
step          9                    afterComputeField_FirstHalfStep GPU memory total          0 free          0 free CPU memory      19341 
step          9                      before_CellOrder_StepAllCells GPU memory total          0 free          0 free CPU memory      19341 
step          9                            CellOrder_StepAllCells1 GPU memory total          0 free          0 free CPU memory      19341 
step          9                            CellOrder_StepAllCells3 GPU memory total          0 free          0 free CPU memory      19340 
step          9                            CellOrder_StepAllCells4 GPU memory total          0 free          0 free CPU memory      19341 
step          9                            CellOrder_StepAllCells5 GPU memory total          0 free          0 free CPU memory      19341 
step          9                            CellOrder_StepAllCells6 GPU memory total          0 free          0 free CPU memory      19341 
step          9                            CellOrder_StepAllCells7 GPU memory total          0 free          0 free CPU memory      19341 
step          9                       after_CellOrder_StepAllCells GPU memory total          0 free          0 free CPU memory      19341 
step          9                                          before270 GPU memory total          0 free          0 free CPU memory      19341 
step          9                  after_ComputeField_SecondHalfStep GPU memory total          0 free          0 free CPU memory      19341 
step         10                   beforeComputeField_FirstHalfStep GPU memory total          0 free          0 free CPU memory      19341 
step         10                    afterComputeField_FirstHalfStep GPU memory total          0 free          0 free CPU memory      19341 
step         10                      before_CellOrder_StepAllCells GPU memory total          0 free          0 free CPU memory      19341 
step         10                            CellOrder_StepAllCells1 GPU memory total          0 free          0 free CPU memory      19341 
step         10                            CellOrder_StepAllCells3 GPU memory total          0 free          0 free CPU memory      19341 
step         10                                    beforeCopyCells GPU memory total          0 free          0 free CPU memory      19341 
step         10                                     afterCopyCells GPU memory total          0 free          0 free CPU memory      19341 
step         10                            CellOrder_StepAllCells4 GPU memory total          0 free          0 free CPU memory      19325 
step         10                            CellOrder_StepAllCells5 GPU memory total          0 free          0 free CPU memory      19325 
step         10                            CellOrder_StepAllCells6 GPU memory total          0 free          0 free CPU memory      19325 
step         10                            CellOrder_StepAllCells7 GPU memory total          0 free          0 free CPU memory      19325 
step         10                       after_CellOrder_StepAllCells GPU memory total          0 free          0 free CPU memory      19325 
step         10                                          before270 GPU memory total          0 free          0 free CPU memory      19325 
step         10                  after_ComputeField_SecondHalfStep GPU memory total          0 free          0 free CPU memory      19325 
